--------------------------------------------------------------------------------
Release 14.7 Trace  (lin64)
Copyright (c) 1995-2013 Xilinx, Inc.  All rights reserved.

/opt/Xilinx/14.7/ISE_DS/ISE/bin/lin64/unwrapped/trce -intstyle ise -v 3 -s 4 -n
3 -fastpaths -xml fourBitsAdder.twx fourBitsAdder.ncd -o fourBitsAdder.twr
fourBitsAdder.pcf

Design file:              fourBitsAdder.ncd
Physical constraint file: fourBitsAdder.pcf
Device,package,speed:     xc3s700an,fgg484,-4 (PRODUCTION 1.42 2013-10-13)
Report level:             verbose report

Environment Variable      Effect 
--------------------      ------ 
NONE                      No environment variables were set
--------------------------------------------------------------------------------

INFO:Timing:2698 - No timing constraints found, doing default enumeration.
INFO:Timing:3412 - To improve timing, see the Timing Closure User Guide (UG612).
INFO:Timing:2752 - To get complete path coverage, use the unconstrained paths 
   option. All paths that are not constrained will be reported in the 
   unconstrained paths section(s) of the report.
INFO:Timing:3339 - The clock-to-out numbers in this timing report are based on 
   a 50 Ohm transmission line loading model.  For the details of this model, 
   and for more information on accounting for different loading conditions, 
   please see the device datasheet.
INFO:Timing:3390 - This architecture does not support a default System Jitter 
   value, please add SYSTEM_JITTER constraint to the UCF to modify the Clock 
   Uncertainty calculation.
INFO:Timing:3389 - This architecture does not support 'Discrete Jitter' and 
   'Phase Error' calculations, these terms will be zero in the Clock 
   Uncertainty calculation.  Please make appropriate modification to 
   SYSTEM_JITTER to account for the unsupported Discrete Jitter and Phase 
   Error.



Data Sheet report:
-----------------
All values displayed in nanoseconds (ns)

Pad to Pad
---------------+---------------+---------+
Source Pad     |Destination Pad|  Delay  |
---------------+---------------+---------+
A<0>           |Cout           |    9.923|
A<0>           |OV             |    9.736|
A<0>           |S<0>           |    7.225|
A<0>           |S<1>           |    7.768|
A<0>           |S<2>           |    8.916|
A<0>           |S<3>           |    9.348|
A<1>           |Cout           |    9.109|
A<1>           |OV             |    8.922|
A<1>           |S<1>           |    6.719|
A<1>           |S<2>           |    8.102|
A<1>           |S<3>           |    8.534|
A<2>           |Cout           |    7.768|
A<2>           |OV             |    7.581|
A<2>           |S<2>           |    6.635|
A<2>           |S<3>           |    7.193|
A<3>           |Cout           |    7.159|
A<3>           |OV             |    6.935|
A<3>           |S<3>           |    6.504|
B<0>           |Cout           |    9.597|
B<0>           |OV             |    9.410|
B<0>           |S<0>           |    6.899|
B<0>           |S<1>           |    7.442|
B<0>           |S<2>           |    8.590|
B<0>           |S<3>           |    9.022|
B<1>           |Cout           |    9.145|
B<1>           |OV             |    8.958|
B<1>           |S<1>           |    6.895|
B<1>           |S<2>           |    8.138|
B<1>           |S<3>           |    8.570|
B<2>           |Cout           |    7.921|
B<2>           |OV             |    7.734|
B<2>           |S<2>           |    6.807|
B<2>           |S<3>           |    7.346|
B<3>           |Cout           |    7.080|
B<3>           |OV             |    6.892|
B<3>           |S<3>           |    6.649|
Cin            |Cout           |   10.088|
Cin            |OV             |    9.901|
Cin            |S<0>           |    7.390|
Cin            |S<1>           |    7.933|
Cin            |S<2>           |    9.081|
Cin            |S<3>           |    9.513|
---------------+---------------+---------+


Analysis completed Fri Sep 21 14:39:58 2018 
--------------------------------------------------------------------------------

Trace Settings:
-------------------------
Trace Settings 

Peak Memory Usage: 376 MB



