ISim log file
Running: /home/lukas/ISE_PROJETOS/ULAv2/ULA_isim_beh.exe -intstyle ise -gui -tclbatch isim.cmd -wdb /home/lukas/ISE_PROJETOS/ULAv2/ULA_isim_beh.wdb 
ISim P.20131013 (signature 0xfbc00daa)
WARNING: A WEBPACK license was found.
WARNING: Please use Xilinx License Configuration Manager to check out a full ISim license.
WARNING: ISim will run in Lite mode. Please refer to the ISim documentation for more information on the differences between the Lite and the Full version.
This is a Lite version of ISim.
Time resolution is 1 ps
# onerror resume
# wave add /
# run 1000 ns
Simulator is doing circuit initialization process.
Finished circuit initialization process.
# isim force add /ula/entradax 0011 -radix bin -value 1100 -radix bin -time 2 us -repeat 4 us -cancel 16 us
# isim force add /ula/entraday 1100 -radix bin -value 0011 -radix bin -time 2 us -repeat 4 us -cancel 16 us
# isim force add /ula/entraday 1100 -radix bin -value 0011 -radix bin -time 2 us -repeat 4 us -cancel 16 us
# isim force add /ula/mux_controlador 000 -radix bin -value 001 -radix bin -time 2 us -repeat 4 us -cancel 16 us
# isim force add /ula/mux_controlador 000 -radix bin -value 001 -radix bin -time 2 us -repeat 4 us -cancel 16 us
# run all
# restart
# isim force add /ula/entradax 1110 -radix bin -value 0110 -radix bin -time 1500 ns -repeat 3 us -cancel 10 us
# isim force add /ula/entraday 1110 -radix bin -value 0110 -radix bin -time 1500 ns -repeat 3 us -cancel 10 us
# isim force add /ula/entraday 1110 -radix bin -value 0110 -radix bin -time 1500 ns -repeat 3 us -cancel 10 us
# isim force add /ula/mux_controlador 000 -radix bin -value 001 -radix bin -time 2 us -repeat 4 us -cancel 16 us
# isim force add /ula/mux_controlador 000 -radix bin -value 001 -radix bin -time 2 us -repeat 4 us -cancel 16 us
# isim force add /ula/entradax 1110 -radix bin -value 0110 -radix bin -time 1 us -repeat 2 us -cancel 16 us
# isim force add /ula/entraday 1110 -radix bin -value 0110 -radix bin -time 1 us -repeat 2 us -cancel 16 us
# isim force add /ula/entraday 1110 -radix bin -value 0110 -radix bin -time 1 us -repeat 2 us -cancel 16 us
# run all
Simulator is doing circuit initialization process.
Finished circuit initialization process.
# restart
# isim force add /ula/entradax 1110 -radix bin -value 0110 -radix bin -time 1 us -repeat 2 us -cancel 16 us
# isim force add /ula/entraday 0110 -radix bin -value 1110 -radix bin -time 1 us -repeat 2 us -cancel 16 us
# isim force add /ula/entraday 0110 -radix bin -value 1110 -radix bin -time 1 us -repeat 2 us -cancel 16 us
# isim force add /ula/entraday 0110 -radix bin -value 1110 -radix bin -time 1 us -repeat 2 us -cancel 16 us
# isim force add /ula/mux_controlador 000 -radix bin -value 001 -radix bin -time 2 us -repeat 4 us -cancel 16 us
# isim force add /ula/mux_controlador 000 -radix bin -value 001 -radix bin -time 2 us -repeat 4 us -cancel 16 us
# run all
Simulator is doing circuit initialization process.
Finished circuit initialization process.
# restart
# isim force add /ula/entradax 1110 -radix bin -value 0011 -radix bin -time 1 us -repeat 2 us -cancel 16 us
# isim force add /ula/entraday 0011 -radix bin -value 1110 -radix bin -time 1 us -repeat 2 us -cancel 16 us
# isim force add /ula/entraday 0011 -radix bin -value 1110 -radix bin -time 1 us -repeat 2 us -cancel 16 us
# isim force add /ula/mux_controlador 000 -radix bin -value 001 -radix bin -time 2 us -repeat 4 us -cancel 16 us
# isim force add /ula/mux_controlador 000 -radix bin -value 001 -radix bin -time 2 us -repeat 4 us -cancel 16 us
# run all
Simulator is doing circuit initialization process.
Finished circuit initialization process.
# restart
# isim force add /ula/entradax 1110 -radix bin -value 0011 -radix bin -time 1 us -repeat 2 us -cancel 16 us
# isim force add /ula/entraday 0011 -radix bin -value 1110 -radix bin -time 1 us -repeat 2 us -cancel 16 us
# isim force add /ula/entraday 0011 -radix bin -value 1110 -radix bin -time 1 us -repeat 2 us -cancel 16 us
# isim force add /ula/mux_controlador 010 -radix bin -value 011 -radix bin -time 2 us -repeat 4 us -cancel 16 us
# isim force add /ula/mux_controlador 010 -radix bin -value 011 -radix bin -time 2 us -repeat 4 us -cancel 16 us
# run all
Simulator is doing circuit initialization process.
Finished circuit initialization process.
# restart
# isim force add /ula/entradax 1110 -radix bin -value 0011 -radix bin -time 1 us -repeat 2 us -cancel 16 us
# isim force add /ula/entraday 0011 -radix bin -value 1110 -radix bin -time 1 us -repeat 2 us -cancel 16 us
# isim force add /ula/entraday 0011 -radix bin -value 1110 -radix bin -time 1 us -repeat 2 us -cancel 16 us
# isim force add /ula/mux_controlador 100 -radix bin -value 101 -radix bin -time 2 us -repeat 4 us -cancel 16 us
# isim force add /ula/mux_controlador 100 -radix bin -value 101 -radix bin -time 2 us -repeat 4 us -cancel 16 us
# run all
Simulator is doing circuit initialization process.
Finished circuit initialization process.
# restart
# isim force add /ula/entradax 1110 -radix bin -value 0011 -radix bin -time 1 us -repeat 2 us -cancel 16 us
# isim force add /ula/entraday 0011 -radix bin -value 1110 -radix bin -time 1 us -repeat 2 us -cancel 16 us
# isim force add /ula/mux_controlador 110 -radix bin -value 111 -radix bin -time 2 us -repeat 4 us -cancel 16 us
# isim force add /ula/mux_controlador 110 -radix bin -value 111 -radix bin -time 2 us -repeat 4 us -cancel 16 us
# run all
Simulator is doing circuit initialization process.
Finished circuit initialization process.
# exit 0
