Release 14.7 - xst P.20131013 (lin64)
Copyright (c) 1995-2013 Xilinx, Inc.  All rights reserved.
--> 
Parameter TMPDIR set to xst/projnav.tmp


Total REAL time to Xst completion: 1.00 secs
Total CPU time to Xst completion: 0.04 secs
 
--> 
Parameter xsthdpdir set to xst


Total REAL time to Xst completion: 1.00 secs
Total CPU time to Xst completion: 0.05 secs
 
--> 
Reading design: ULA.prj

TABLE OF CONTENTS
  1) Synthesis Options Summary
  2) HDL Compilation
  3) Design Hierarchy Analysis
  4) HDL Analysis
  5) HDL Synthesis
     5.1) HDL Synthesis Report
  6) Advanced HDL Synthesis
     6.1) Advanced HDL Synthesis Report
  7) Low Level Synthesis
  8) Partition Report
  9) Final Report
	9.1) Device utilization summary
	9.2) Partition Resource Summary
	9.3) TIMING REPORT


=========================================================================
*                      Synthesis Options Summary                        *
=========================================================================
---- Source Parameters
Input File Name                    : "ULA.prj"
Input Format                       : mixed
Ignore Synthesis Constraint File   : NO

---- Target Parameters
Output File Name                   : "ULA"
Output Format                      : NGC
Target Device                      : xc3s700an-4-fgg484

---- Source Options
Top Module Name                    : ULA
Automatic FSM Extraction           : YES
FSM Encoding Algorithm             : Auto
Safe Implementation                : No
FSM Style                          : LUT
RAM Extraction                     : Yes
RAM Style                          : Auto
ROM Extraction                     : Yes
Mux Style                          : Auto
Decoder Extraction                 : YES
Priority Encoder Extraction        : Yes
Shift Register Extraction          : YES
Logical Shifter Extraction         : YES
XOR Collapsing                     : YES
ROM Style                          : Auto
Mux Extraction                     : Yes
Resource Sharing                   : YES
Asynchronous To Synchronous        : NO
Multiplier Style                   : Auto
Automatic Register Balancing       : No

---- Target Options
Add IO Buffers                     : YES
Global Maximum Fanout              : 100000
Add Generic Clock Buffer(BUFG)     : 24
Register Duplication               : YES
Slice Packing                      : YES
Optimize Instantiated Primitives   : NO
Use Clock Enable                   : Yes
Use Synchronous Set                : Yes
Use Synchronous Reset              : Yes
Pack IO Registers into IOBs        : Auto
Equivalent register Removal        : YES

---- General Options
Optimization Goal                  : Speed
Optimization Effort                : 1
Keep Hierarchy                     : No
Netlist Hierarchy                  : As_Optimized
RTL Output                         : Yes
Global Optimization                : AllClockNets
Read Cores                         : YES
Write Timing Constraints           : NO
Cross Clock Analysis               : NO
Hierarchy Separator                : /
Bus Delimiter                      : <>
Case Specifier                     : Maintain
Slice Utilization Ratio            : 100
BRAM Utilization Ratio             : 100
Verilog 2001                       : YES
Auto BRAM Packing                  : NO
Slice Utilization Ratio Delta      : 5

=========================================================================


=========================================================================
*                          HDL Compilation                              *
=========================================================================
WARNING:HDLParsers:3607 - Unit work/ULA is now defined in a different file.  It was defined in "/home/lukas/ISE_PROJETOS/full_Adder_final/ULA.vhd", and is now defined in "/home/lukas/ISE_PROJETOS/ULA/ULA.vhd".
WARNING:HDLParsers:3607 - Unit work/ULA/Behavioral is now defined in a different file.  It was defined in "/home/lukas/ISE_PROJETOS/full_Adder_final/ULA.vhd", and is now defined in "/home/lukas/ISE_PROJETOS/ULA/ULA.vhd".
WARNING:HDLParsers:3607 - Unit work/fourBitsSubtractor is now defined in a different file.  It was defined in "/home/lukas/ISE_PROJETOS/full_Adder_final/fourBitsSubstractor.vhd", and is now defined in "/home/lukas/ISE_PROJETOS/ULA/fourBitsSubstractor.vhd".
WARNING:HDLParsers:3607 - Unit work/fourBitsSubtractor/Behavioral is now defined in a different file.  It was defined in "/home/lukas/ISE_PROJETOS/full_Adder_final/fourBitsSubstractor.vhd", and is now defined in "/home/lukas/ISE_PROJETOS/ULA/fourBitsSubstractor.vhd".
WARNING:HDLParsers:3607 - Unit work/incrementador is now defined in a different file.  It was defined in "/home/lukas/ISE_PROJETOS/full_Adder_final/incrementador.vhd", and is now defined in "/home/lukas/ISE_PROJETOS/ULA/incrementador.vhd".
WARNING:HDLParsers:3607 - Unit work/incrementador/incrementadorArch is now defined in a different file.  It was defined in "/home/lukas/ISE_PROJETOS/full_Adder_final/incrementador.vhd", and is now defined in "/home/lukas/ISE_PROJETOS/ULA/incrementador.vhd".
WARNING:HDLParsers:3607 - Unit work/multiplicaFourBits is now defined in a different file.  It was defined in "/home/lukas/ISE_PROJETOS/full_Adder_final/multiplicaFourBits.vhd", and is now defined in "/home/lukas/ISE_PROJETOS/ULA/multiplicaFourBits.vhd".
WARNING:HDLParsers:3607 - Unit work/multiplicaFourBits/multiplicaArch is now defined in a different file.  It was defined in "/home/lukas/ISE_PROJETOS/full_Adder_final/multiplicaFourBits.vhd", and is now defined in "/home/lukas/ISE_PROJETOS/ULA/multiplicaFourBits.vhd".
WARNING:HDLParsers:3607 - Unit work/Porta_And is now defined in a different file.  It was defined in "/home/lukas/ISE_PROJETOS/full_Adder_final/Porta_And.vhd", and is now defined in "/home/lukas/ISE_PROJETOS/ULA/Porta_And.vhd".
WARNING:HDLParsers:3607 - Unit work/Porta_And/andArch is now defined in a different file.  It was defined in "/home/lukas/ISE_PROJETOS/full_Adder_final/Porta_And.vhd", and is now defined in "/home/lukas/ISE_PROJETOS/ULA/Porta_And.vhd".
WARNING:HDLParsers:3607 - Unit work/Porta_Or is now defined in a different file.  It was defined in "/home/lukas/ISE_PROJETOS/full_Adder_final/Porta_Or.vhd", and is now defined in "/home/lukas/ISE_PROJETOS/ULA/Porta_Or.vhd".
WARNING:HDLParsers:3607 - Unit work/Porta_Or/OrArch is now defined in a different file.  It was defined in "/home/lukas/ISE_PROJETOS/full_Adder_final/Porta_Or.vhd", and is now defined in "/home/lukas/ISE_PROJETOS/ULA/Porta_Or.vhd".
WARNING:HDLParsers:3607 - Unit work/Porta_Xor is now defined in a different file.  It was defined in "/home/lukas/ISE_PROJETOS/full_Adder_final/Porta_Xor.vhd", and is now defined in "/home/lukas/ISE_PROJETOS/ULA/Porta_Xor.vhd".
WARNING:HDLParsers:3607 - Unit work/Porta_Xor/xorArch is now defined in a different file.  It was defined in "/home/lukas/ISE_PROJETOS/full_Adder_final/Porta_Xor.vhd", and is now defined in "/home/lukas/ISE_PROJETOS/ULA/Porta_Xor.vhd".
WARNING:HDLParsers:3607 - Unit work/eightBitsAdder is now defined in a different file.  It was defined in "/home/lukas/ISE_PROJETOS/full_Adder_final/eightBitsAdder.vhd", and is now defined in "/home/lukas/ISE_PROJETOS/ULA/eightBitsAdder.vhd".
WARNING:HDLParsers:3607 - Unit work/eightBitsAdder/eightBitsArch is now defined in a different file.  It was defined in "/home/lukas/ISE_PROJETOS/full_Adder_final/eightBitsAdder.vhd", and is now defined in "/home/lukas/ISE_PROJETOS/ULA/eightBitsAdder.vhd".
WARNING:HDLParsers:3607 - Unit work/Inverter is now defined in a different file.  It was defined in "/home/lukas/ISE_PROJETOS/full_Adder_final/inverter.vhd", and is now defined in "/home/lukas/ISE_PROJETOS/ULA/inverter.vhd".
WARNING:HDLParsers:3607 - Unit work/Inverter/Behavioral is now defined in a different file.  It was defined in "/home/lukas/ISE_PROJETOS/full_Adder_final/inverter.vhd", and is now defined in "/home/lukas/ISE_PROJETOS/ULA/inverter.vhd".
WARNING:HDLParsers:3607 - Unit work/fourBitsAdder is now defined in a different file.  It was defined in "/home/lukas/ISE_PROJETOS/full_Adder_final/fourBitsAdder.vhd", and is now defined in "/home/lukas/ISE_PROJETOS/ULA/fourBitsAdder.vhd".
WARNING:HDLParsers:3607 - Unit work/fourBitsAdder/Behavioral is now defined in a different file.  It was defined in "/home/lukas/ISE_PROJETOS/full_Adder_final/fourBitsAdder.vhd", and is now defined in "/home/lukas/ISE_PROJETOS/ULA/fourBitsAdder.vhd".
WARNING:HDLParsers:3607 - Unit work/fullAdder is now defined in a different file.  It was defined in "/home/lukas/ISE_PROJETOS/full_Adder_final/fullAdder.vhd", and is now defined in "/home/lukas/ISE_PROJETOS/ULA/fullAdder.vhd".
WARNING:HDLParsers:3607 - Unit work/fullAdder/Behavioral is now defined in a different file.  It was defined in "/home/lukas/ISE_PROJETOS/full_Adder_final/fullAdder.vhd", and is now defined in "/home/lukas/ISE_PROJETOS/ULA/fullAdder.vhd".
Compiling vhdl file "/home/lukas/ISE_PROJETOS/ULA/fullAdder.vhd" in Library work.
Architecture behavioral of Entity fulladder is up to date.
Compiling vhdl file "/home/lukas/ISE_PROJETOS/ULA/fourBitsAdder.vhd" in Library work.
Architecture behavioral of Entity fourbitsadder is up to date.
Compiling vhdl file "/home/lukas/ISE_PROJETOS/ULA/inverter.vhd" in Library work.
Architecture behavioral of Entity inverter is up to date.
Compiling vhdl file "/home/lukas/ISE_PROJETOS/ULA/eightBitsAdder.vhd" in Library work.
Architecture eightbitsarch of Entity eightbitsadder is up to date.
Compiling vhdl file "/home/lukas/ISE_PROJETOS/ULA/Porta_Xor.vhd" in Library work.
Architecture xorarch of Entity porta_xor is up to date.
Compiling vhdl file "/home/lukas/ISE_PROJETOS/ULA/Porta_Or.vhd" in Library work.
Architecture orarch of Entity porta_or is up to date.
Compiling vhdl file "/home/lukas/ISE_PROJETOS/ULA/Porta_And.vhd" in Library work.
Architecture andarch of Entity porta_and is up to date.
Compiling vhdl file "/home/lukas/ISE_PROJETOS/ULA/incrementador.vhd" in Library work.
Architecture incrementadorarch of Entity incrementador is up to date.
Compiling vhdl file "/home/lukas/ISE_PROJETOS/ULA/multiplicaFourBits.vhd" in Library work.
Architecture multiplicaarch of Entity multiplicafourbits is up to date.
Compiling vhdl file "/home/lukas/ISE_PROJETOS/ULA/fourBitsSubstractor.vhd" in Library work.
Architecture behavioral of Entity fourbitssubtractor is up to date.
Compiling vhdl file "/home/lukas/ISE_PROJETOS/ULA/ULA.vhd" in Library work.
Entity <ula> compiled.
Entity <ula> (Architecture <behavioral>) compiled.

=========================================================================
*                     Design Hierarchy Analysis                         *
=========================================================================
Analyzing hierarchy for entity <ULA> in library <work> (architecture <behavioral>).

Analyzing hierarchy for entity <Porta_Xor> in library <work> (architecture <xorarch>).

Analyzing hierarchy for entity <Porta_Or> in library <work> (architecture <orarch>).

Analyzing hierarchy for entity <Porta_And> in library <work> (architecture <andarch>).

Analyzing hierarchy for entity <Inverter> in library <work> (architecture <behavioral>).

Analyzing hierarchy for entity <incrementador> in library <work> (architecture <incrementadorarch>).

Analyzing hierarchy for entity <multiplicaFourBits> in library <work> (architecture <multiplicaarch>).

Analyzing hierarchy for entity <fourBitsSubtractor> in library <work> (architecture <behavioral>).

Analyzing hierarchy for entity <fourBitsAdder> in library <work> (architecture <behavioral>).

Analyzing hierarchy for entity <eightBitsAdder> in library <work> (architecture <eightbitsarch>).

Analyzing hierarchy for entity <Inverter> in library <work> (architecture <behavioral>).

Analyzing hierarchy for entity <fullAdder> in library <work> (architecture <behavioral>).

Analyzing hierarchy for entity <fourBitsAdder> in library <work> (architecture <behavioral>).

Analyzing hierarchy for entity <fourBitsAdder> in library <work> (architecture <behavioral>).

Analyzing hierarchy for entity <fullAdder> in library <work> (architecture <behavioral>).


=========================================================================
*                            HDL Analysis                               *
=========================================================================
Analyzing Entity <ULA> in library <work> (Architecture <behavioral>).
Entity <ULA> analyzed. Unit <ULA> generated.

Analyzing Entity <Porta_Xor> in library <work> (Architecture <xorarch>).
Entity <Porta_Xor> analyzed. Unit <Porta_Xor> generated.

Analyzing Entity <Porta_Or> in library <work> (Architecture <orarch>).
Entity <Porta_Or> analyzed. Unit <Porta_Or> generated.

Analyzing Entity <Porta_And> in library <work> (Architecture <andarch>).
Entity <Porta_And> analyzed. Unit <Porta_And> generated.

Analyzing Entity <Inverter> in library <work> (Architecture <behavioral>).
Entity <Inverter> analyzed. Unit <Inverter> generated.

Analyzing Entity <incrementador> in library <work> (Architecture <incrementadorarch>).
WARNING:Xst:753 - "/home/lukas/ISE_PROJETOS/ULA/incrementador.vhd" line 53: Unconnected output port 'Cout' of component 'fourBitsAdder'.
WARNING:Xst:753 - "/home/lukas/ISE_PROJETOS/ULA/incrementador.vhd" line 53: Unconnected output port 'OV' of component 'fourBitsAdder'.
Entity <incrementador> analyzed. Unit <incrementador> generated.

Analyzing Entity <multiplicaFourBits> in library <work> (Architecture <multiplicaarch>).
WARNING:Xst:753 - "/home/lukas/ISE_PROJETOS/ULA/multiplicaFourBits.vhd" line 79: Unconnected output port 'Cout' of component 'eightBitsAdder'.
WARNING:Xst:753 - "/home/lukas/ISE_PROJETOS/ULA/multiplicaFourBits.vhd" line 80: Unconnected output port 'Cout' of component 'eightBitsAdder'.
WARNING:Xst:753 - "/home/lukas/ISE_PROJETOS/ULA/multiplicaFourBits.vhd" line 81: Unconnected output port 'Cout' of component 'eightBitsAdder'.
Entity <multiplicaFourBits> analyzed. Unit <multiplicaFourBits> generated.

Analyzing Entity <eightBitsAdder> in library <work> (Architecture <eightbitsarch>).
WARNING:Xst:753 - "/home/lukas/ISE_PROJETOS/ULA/eightBitsAdder.vhd" line 61: Unconnected output port 'OV' of component 'fourBitsAdder'.
WARNING:Xst:753 - "/home/lukas/ISE_PROJETOS/ULA/eightBitsAdder.vhd" line 64: Unconnected output port 'OV' of component 'fourBitsAdder'.
Entity <eightBitsAdder> analyzed. Unit <eightBitsAdder> generated.

Analyzing Entity <fourBitsSubtractor> in library <work> (Architecture <behavioral>).
Entity <fourBitsSubtractor> analyzed. Unit <fourBitsSubtractor> generated.

Analyzing Entity <fourBitsAdder> in library <work> (Architecture <behavioral>).
Entity <fourBitsAdder> analyzed. Unit <fourBitsAdder> generated.

Analyzing Entity <fullAdder> in library <work> (Architecture <behavioral>).
Entity <fullAdder> analyzed. Unit <fullAdder> generated.


=========================================================================
*                           HDL Synthesis                               *
=========================================================================

Performing bidirectional port resolution...

Synthesizing Unit <Porta_Xor>.
    Related source file is "/home/lukas/ISE_PROJETOS/ULA/Porta_Xor.vhd".
    Found 4-bit xor2 for signal <S>.
Unit <Porta_Xor> synthesized.


Synthesizing Unit <Porta_Or>.
    Related source file is "/home/lukas/ISE_PROJETOS/ULA/Porta_Or.vhd".
Unit <Porta_Or> synthesized.


Synthesizing Unit <Porta_And>.
    Related source file is "/home/lukas/ISE_PROJETOS/ULA/Porta_And.vhd".
Unit <Porta_And> synthesized.


Synthesizing Unit <Inverter>.
    Related source file is "/home/lukas/ISE_PROJETOS/ULA/inverter.vhd".
Unit <Inverter> synthesized.


Synthesizing Unit <fullAdder>.
    Related source file is "/home/lukas/ISE_PROJETOS/ULA/fullAdder.vhd".
    Found 1-bit xor3 for signal <S>.
    Summary:
	inferred   1 Xor(s).
Unit <fullAdder> synthesized.


Synthesizing Unit <fourBitsAdder>.
    Related source file is "/home/lukas/ISE_PROJETOS/ULA/fourBitsAdder.vhd".
    Found 1-bit xor2 for signal <OV>.
Unit <fourBitsAdder> synthesized.


Synthesizing Unit <incrementador>.
    Related source file is "/home/lukas/ISE_PROJETOS/ULA/incrementador.vhd".
Unit <incrementador> synthesized.


Synthesizing Unit <fourBitsSubtractor>.
    Related source file is "/home/lukas/ISE_PROJETOS/ULA/fourBitsSubstractor.vhd".
Unit <fourBitsSubtractor> synthesized.


Synthesizing Unit <eightBitsAdder>.
    Related source file is "/home/lukas/ISE_PROJETOS/ULA/eightBitsAdder.vhd".
Unit <eightBitsAdder> synthesized.


Synthesizing Unit <multiplicaFourBits>.
    Related source file is "/home/lukas/ISE_PROJETOS/ULA/multiplicaFourBits.vhd".
WARNING:Xst:646 - Signal <saida_real<7:4>> is assigned but never used. This unconnected signal will be trimmed during the optimization process.
Unit <multiplicaFourBits> synthesized.


Synthesizing Unit <ULA>.
    Related source file is "/home/lukas/ISE_PROJETOS/ULA/ULA.vhd".
    Found 4-bit 8-to-1 multiplexer for signal <SAIDA>.
    Summary:
	inferred   4 Multiplexer(s).
Unit <ULA> synthesized.


=========================================================================
HDL Synthesis Report

Macro Statistics
# Multiplexers                                         : 1
 4-bit 8-to-1 multiplexer                              : 1
# Xors                                                 : 49
 1-bit xor2                                            : 13
 1-bit xor3                                            : 36

=========================================================================

=========================================================================
*                       Advanced HDL Synthesis                          *
=========================================================================

WARNING:Xst:1290 - Hierarchical block <fourBitsAdder02> is unconnected in block <somaBit01>.
   It will be removed from the design.
WARNING:Xst:1290 - Hierarchical block <fourBitsAdder02> is unconnected in block <somaBit23>.
   It will be removed from the design.
WARNING:Xst:1290 - Hierarchical block <fourBitsAdder02> is unconnected in block <resultado_0123>.
   It will be removed from the design.

=========================================================================
Advanced HDL Synthesis Report

Macro Statistics
# Multiplexers                                         : 1
 4-bit 8-to-1 multiplexer                              : 1
# Xors                                                 : 49
 1-bit xor2                                            : 13
 1-bit xor3                                            : 36

=========================================================================

=========================================================================
*                         Low Level Synthesis                           *
=========================================================================

Optimizing unit <ULA> ...

Mapping all equations...
Building and optimizing final netlist ...
Found area constraint ratio of 100 (+ 5) on block ULA, actual ratio is 0.

Final Macro Processing ...

=========================================================================
Final Register Report

Found no macro
=========================================================================

=========================================================================
*                           Partition Report                            *
=========================================================================

Partition Implementation Status
-------------------------------

  No Partitions were found in this design.

-------------------------------

=========================================================================
*                            Final Report                               *
=========================================================================
Final Results
RTL Top Level Output File Name     : ULA.ngr
Top Level Output File Name         : ULA
Output Format                      : NGC
Optimization Goal                  : Speed
Keep Hierarchy                     : No

Design Statistics
# IOs                              : 17

Cell Usage :
# BELS                             : 55
#      LUT2                        : 7
#      LUT3                        : 14
#      LUT4                        : 20
#      MUXF5                       : 10
#      MUXF6                       : 4
# IO Buffers                       : 17
#      IBUF                        : 11
#      OBUF                        : 6
=========================================================================

Device utilization summary:
---------------------------

Selected Device : 3s700anfgg484-4 

 Number of Slices:                       22  out of   5888     0%  
 Number of 4 input LUTs:                 41  out of  11776     0%  
 Number of IOs:                          17
 Number of bonded IOBs:                  17  out of    372     4%  

---------------------------
Partition Resource Summary:
---------------------------

  No Partitions were found in this design.

---------------------------


=========================================================================
TIMING REPORT

NOTE: THESE TIMING NUMBERS ARE ONLY A SYNTHESIS ESTIMATE.
      FOR ACCURATE TIMING INFORMATION PLEASE REFER TO THE TRACE REPORT
      GENERATED AFTER PLACE-and-ROUTE.

Clock Information:
------------------
No clock signals found in this design

Asynchronous Control Signals Information:
----------------------------------------
No asynchronous control signals found in this design

Timing Summary:
---------------
Speed Grade: -4

   Minimum period: No path found
   Minimum input arrival time before clock: No path found
   Maximum output required time after clock: No path found
   Maximum combinational path delay: 11.448ns

Timing Detail:
--------------
All values displayed in nanoseconds (ns)

=========================================================================
Timing constraint: Default path analysis
  Total number of paths / destination ports: 160 / 6
-------------------------------------------------------------------------
Delay:               11.448ns (Levels of Logic = 8)
  Source:            entradaX<1> (PAD)
  Destination:       SAIDA<3> (PAD)

  Data Path: entradaX<1> to SAIDA<3>
                                Gate     Net
    Cell:in->out      fanout   Delay   Delay  Logical Name (Net Name)
    ----------------------------------------  ------------
     IBUF:I->O            13   0.849   1.063  entradaX_1_IBUF (entradaX_1_IBUF)
     LUT4:I1->O            1   0.643   0.500  multiplicador/resultado_0123/fourBitsAdder01/FA3/Mxor_S_xo<0>9 (multiplicador/resultado_0123/fourBitsAdder01/FA3/Mxor_S_xo<0>9)
     LUT4:I1->O            1   0.643   0.452  multiplicador/resultado_0123/fourBitsAdder01/FA3/Mxor_S_xo<0>38_SW0 (N14)
     LUT4:I2->O            1   0.648   0.500  multiplicador/resultado_0123/fourBitsAdder01/FA3/Mxor_S_xo<0>38 (saidaMultiplicador<3>)
     LUT3:I1->O            1   0.643   0.000  Mmux_SAIDA_57 (Mmux_SAIDA_57)
     MUXF5:I1->O           1   0.276   0.000  Mmux_SAIDA_4_f5_2 (Mmux_SAIDA_4_f53)
     MUXF6:I0->O           1   0.291   0.420  Mmux_SAIDA_2_f6_2 (SAIDA_3_OBUF)
     OBUF:I->O                 4.520          SAIDA_3_OBUF (SAIDA<3>)
    ----------------------------------------
    Total                     11.448ns (8.513ns logic, 2.935ns route)
                                       (74.4% logic, 25.6% route)

=========================================================================


Total REAL time to Xst completion: 6.00 secs
Total CPU time to Xst completion: 4.40 secs
 
--> 


Total memory usage is 514460 kilobytes

Number of errors   :    0 (   0 filtered)
Number of warnings :   33 (   0 filtered)
Number of infos    :    0 (   0 filtered)

